Number of threads = 10
Importing reference haplotype data...
Total windows = 16, averaging ~ 708 unique haplotypes per window.

Timings: 
    Data import                     = 4.1376 seconds
        import target data             = 1.85132 seconds
        import compressed haplotypes   = 2.28628 seconds
    Computing haplotype pair        = 4.1057 seconds
        BLAS3 mul! to get M and N      = 0.00776335 seconds per thread
        haplopair search               = 0.0372685 seconds per thread
        initializing missing           = 0.000453107 seconds per thread
        allocating and viewing         = 0.00264227 seconds per thread
        index conversion               = 5.5263e-6 seconds per thread
    Phasing by win-win intersection = 1.30105 seconds
        Window-by-window intersection  = 0.000139265 seconds per thread
        Breakpoint search              = 0.154888 seconds per thread
        Recording result               = 0.0776577 seconds per thread
    Imputation                     = 1.65782 seconds
        Imputing missing               = 0.726055 seconds
        Writing to file                = 0.931766 seconds

    Total time                      = 11.3177 seconds

Number of threads = 10
Importing reference haplotype data...
Importing genotype file... 95%|███████████████████████▋ |  ETA: 0:00:00[KImporting genotype file...100%|█████████████████████████| Time: 0:00:05[K
Total windows = 34, averaging ~ 855 unique haplotypes per window.

Timings: 
    Data import                     = 5.83043 seconds
        import target data             = 5.511 seconds
        import compressed haplotypes   = 0.319433 seconds
    Computing haplotype pair        = 1.9552 seconds
        BLAS3 mul! to get M and N      = 0.0529932 seconds per thread
        haplopair search               = 0.985848 seconds per thread
        initializing missing           = 0.0727645 seconds per thread
        allocating and viewing         = 0.0187616 seconds per thread
        index conversion               = 0.000183637 seconds per thread
    Phasing by win-win intersection = 0.986864 seconds
        Window-by-window intersection  = 0.00364779 seconds per thread
        Breakpoint search              = 0.560368 seconds per thread
        Recording result               = 0.00953043 seconds per thread
    Imputation                     = 1.39702 seconds
        Imputing missing               = 0.414711 seconds
        Writing to file                = 0.982308 seconds

    Total time                      = 10.1699 seconds

error overall = 0.00030554669558560855 

132.76user 7.08system 1:11.15elapsed 196%CPU (0avgtext+0avgdata 1365996maxresident)k
26448inputs+42216outputs (22major+4526032minor)pagefaults 0swaps
