

 -------------------------------------------------------------------------------- 
          Minimac3 - Fast Imputation Based on State Space Reduction HMM
 --------------------------------------------------------------------------------
           (c) 2014 - Sayantan Das, Christian Fuchsberger, David Hinds
                             Mary Kate Wing, Goncalo Abecasis 

 Version: 2.0.1;
 Built: Fri Jul 24 13:45:41 PDT 2020 by biona001

 Command Line Options: 
    Reference Haplotypes : --refHaps [ref.excludeTarget.vcf.gz], --passOnly,
                           --rsid
       Target Haplotypes : --haps []
       Output Parameters : --prefix [ref.excludeTarget],
                           --processReference [ON], --updateModel, --nobgzip,
                           --vcfOutput [ON], --doseOutput, --hapOutput,
                           --format [GT,DS], --allTypedSites
       Subset Parameters : --chr [], --start, --end, --window
     Starting Parameters : --rec [], --err []
   Estimation Parameters : --rounds [5], --states [200]
        Other Parameters : --log, --lowMemory, --help, --cpus [1], --params
               PhoneHome : --noPhoneHome, --phoneHomeThinning [50]


 URL = http://genome.sph.umich.edu/wiki/Minimac3


 NOTE: Since "--processReference" is ON, all options under "Target Haplotypes" 
       and "Starting Parameters" will be ignored !!!
       Program will only estimate parameters and create M3VCF file.
       No imputation will be performed, hence other parameters are unnecessary !!!

 NOTE: If "--processReference" is ON, Parameter Estimation will be done by default ! 
       Use "--rounds 0" to AVOID Parameter Estimation !!!


 ------------------------------------------------------------------------------
                           REFERENCE HAPLOTYPE PANEL                           
 ------------------------------------------------------------------------------

 Format = VCF (Variant Call Format) 

 Loading Reference Haplotype Set from VCF File       : ref.excludeTarget.vcf.gz

 Reading VCF File to calculate number of records ... 


 Number of Markers read from VCF File                : 62704
 Number of Markers with more than Two Alleles        : 0
 Number of Markers failing FILTER = PASS             : 0
 Number of Markers with inconsistent Ref/Alt Allele  : 0
 Number of Markers with duplicate ID:POS:REF:ALT     : 0
 Number of Insertions                                : 0
 Number of Deletions                                 : 0

 Number of Markers to be Recorded                    : 62704
 Number of Haplotypes to be Recorded                 : 10000

 Starting to load data ...

 Number of Threads to be Used = 1

  Loading markers 1 - 10000  out of 62704 markers to be loaded... [0.0%] 
     Processing Reference Chunk 1 for M3VCF ... 

  Loading markers 10000 - 19999  out of 62704 markers to be loaded... [15.9%] 
     Processing Reference Chunk 1 for M3VCF ... 

  Loading markers 19999 - 29998  out of 62704 markers to be loaded... [31.9%] 
     Processing Reference Chunk 1 for M3VCF ... 

  Loading markers 29998 - 39997  out of 62704 markers to be loaded... [47.8%] 
     Processing Reference Chunk 1 for M3VCF ... 

  Loading markers 39997 - 49996  out of 62704 markers to be loaded... [63.8%] 
     Processing Reference Chunk 1 for M3VCF ... 

  Loading markers 49996 - 59995  out of 62704 markers to be loaded... [79.7%] 
     Processing Reference Chunk 1 for M3VCF ... 

  Loading markers 59995 - 62704  out of 62704 markers to be loaded... [95.7%] 
     Processing Reference Chunk 1 for M3VCF ... 


 Number of Markers Recorded                          : 62704
 Number of Haplotypes Recorded                       : 10000

 Haplotype Set successfully loaded from VCF File     : ref.excludeTarget.vcf.gz

 Writing draft [.m3vcf] file                         : ref.excludeTarget.draft.m3vcf.gz

 Successfully written file ... 

 ------------------------------------------------------------------------------
                             PARAMETER ESTIMATION                              
 ------------------------------------------------------------------------------

 Setting up Markov Model for Parameter Estimation...

 Initializing Model Parameters (using E-M and up to 200 haplotypes) ...

 Round 1 of Parameter Refinement ...
      1 mosaic crossovers expected per haplotype
      0.000831 errors in mosaic expected per marker
    Log-Likelihood of this Iteration : -30261

 Round 2 of Parameter Refinement ...
      1 mosaic crossovers expected per haplotype
      0.000592 errors in mosaic expected per marker
    Log-Likelihood of this Iteration : -13700

 Round 3 of Parameter Refinement ...
      1 mosaic crossovers expected per haplotype
      0.000452 errors in mosaic expected per marker
    Log-Likelihood of this Iteration : -10683

 Round 4 of Parameter Refinement ...
      1 mosaic crossovers expected per haplotype
      0.000362 errors in mosaic expected per marker
    Log-Likelihood of this Iteration : -8916.1

 Round 5 of Parameter Refinement ...
      1 mosaic crossovers expected per haplotype
      0.000299 errors in mosaic expected per marker
    Log-Likelihood of this Iteration : -7775.8

 Saving estimated parameters for future use/reference to ...

 Recombination Rates : ref.excludeTarget.rec
 Error Rates         : ref.excludeTarget.erate

 Time taken for parameter estimation = 264 seconds. 

 Writing final reduced haplotype information to [.m3vcf] file  : ref.excludeTarget.m3vcf.gz

 Successfully written file ... 

 Temporary Draft [.m3vcf] file ref.excludeTarget.draft.m3vcf.gz deleted ... 


 Time taken to load reference haplotype set = 447 seconds.

 ------------------------------------------------------------------------------
                                END OF PROGRAM                                 
 ------------------------------------------------------------------------------

 Program Successfully Implemented... 
 
 Total Run completed in 0 hours, 7 mins, 27 seconds.

 Thank You for using Minimac3 !!! 

446.83user 0.35system 7:26.89elapsed 100%CPU (0avgtext+0avgdata 585080maxresident)k
8inputs+31640outputs (0major+150091minor)pagefaults 0swaps
