

 -------------------------------------------------------------------------------- 
          Minimac4 - Fast Imputation Based on State Space Reduction HMM
 --------------------------------------------------------------------------------
           (c) 2014 - Sayantan Das, Christian Fuchsberger, David Hinds
                             Mary Kate Wing, Goncalo Abecasis 

 Version: 1.0.2;
 Built: Fri Jul 24 13:42:14 PDT 2020 by biona001

 Command Line Options: 
       Reference Haplotypes : --refHaps [ref.excludeTarget.m3vcf.gz],
                              --passOnly, --rsid, --referenceEstimates [ON],
                              --mapFile [docs/geneticMapFile.b38.map.txt.gz]
          Target Haplotypes : --haps [target.typedOnly.maf0.05.masked.vcf.gz]
          Output Parameters : --prefix [minimac4.result], --estimate,
                              --nobgzip, --vcfBuffer [200], --format [GT,DS],
                              --allTypedSites, --meta, --memUsage
        Chunking Parameters : --ChunkLengthMb [20.00], --ChunkOverlapMb [3.00]
          Subset Parameters : --chr [], --start, --end, --window
   Approximation Parameters : --minimac3, --probThreshold [0.01],
                              --diffThreshold [0.01], --topThreshold [0.01]
           Other Parameters : --log, --help, --cpus [10], --params
                  PhoneHome : --noPhoneHome, --phoneHomeThinning [50]


 URL = http://genome.sph.umich.edu/wiki/Minimac4
 Starting Main Imputation/Estimation Analysis ... 

 Performing preliminary check on input parameters... 

 ------------------------------------------------------------------------------
                             PRELIMINARY FILE CHECK                            
 ------------------------------------------------------------------------------

 Checking GWAS haplotype file : target.typedOnly.maf0.05.masked.vcf.gz

 Gathering variant information ...

 Successful !!! 

 Checking Reference haplotype file : ref.excludeTarget.m3vcf.gz

 Gathering variant information ...

 Successful !!! 

 Reference Panel   : Found 5000 samples (10000 haplotypes) and 79383 variants ...

 Target/GWAS Panel : Found 1000 samples (2000 haplotypes) and 22879 variants ...
                     22879 variants overlap with Reference panel 
                     0 variants imported that exist only in Target/GWAS panel

 ------------------------------------------------------------------------------
                           CHUNKING INFORMATION                           
 ------------------------------------------------------------------------------

 Chunking region into 1 chunk(s) with atleast 79383 variants in each chunk ... 

 Details of chunks is given below ...

 No   LeftBuffer      LeftEnd   RightPoint  RightBuffer       #Sites(GWAS/Ref/%)
 -------------------------------------------------------------------------------
  1           21           21      9999718      9999718    22879/   79383/ 28.82%


 ------------------------------------------------------------------------------
                           MAIN IMPUTATION ANALYSIS                            
 ------------------------------------------------------------------------------

 Starting imputation analysis of 1 chunk(s) ... 

 -------------------------------------------
 Analyzing Chunk 1/1 [1:21-9999718]
 -------------------------------------------

 Reading chunk from reference panel ... 
 Reading chunk from target/GWAS panel ... 

 Compressing reference panel at GWAS sites ... 
