Number of threads = 10
Importing reference haplotype data...
Total windows = 16, averaging ~ 708 unique haplotypes per window.

Timings: 
    Data import                     = 4.0501 seconds
        import target data             = 1.79927 seconds
        import compressed haplotypes   = 2.25083 seconds
    Computing haplotype pair        = 3.40855 seconds
        BLAS3 mul! to get M and N      = 0.00565113 seconds per thread
        haplopair search               = 0.0255855 seconds per thread
        initializing missing           = 0.000387443 seconds per thread
        allocating and viewing         = 0.00238548 seconds per thread
        index conversion               = 6.9675e-6 seconds per thread
    Phasing by win-win intersection = 1.71488 seconds
        Window-by-window intersection  = 0.000143718 seconds per thread
        Breakpoint search              = 0.20925 seconds per thread
        Recording result               = 0.0280666 seconds per thread
    Imputation                     = 1.53888 seconds
        Imputing missing               = 0.620395 seconds
        Writing to file                = 0.918484 seconds

    Total time                      = 10.8157 seconds

Number of threads = 10
Importing reference haplotype data...
Total windows = 2129, averaging ~ 548 unique haplotypes per window.

Timings: 
    Data import                     = 25.2272 seconds
        import target data             = 4.71723 seconds
        import compressed haplotypes   = 20.51 seconds
    Computing haplotype pair        = 3.45959 seconds
        BLAS3 mul! to get M and N      = 0.198575 seconds per thread
        haplopair search               = 2.63335 seconds per thread
        initializing missing           = 0.0169929 seconds per thread
        allocating and viewing         = 0.0439664 seconds per thread
        index conversion               = 0.0015844 seconds per thread
    Phasing by win-win intersection = 1.27993 seconds
        Window-by-window intersection  = 0.0573967 seconds per thread
        Breakpoint search              = 0.756653 seconds per thread
        Recording result               = 0.0145022 seconds per thread
    Imputation                     = 3.36232 seconds
        Imputing missing               = 0.00198351 seconds
        Writing to file                = 3.36033 seconds

    Total time                      = 33.33 seconds

151.57user 3.66system 1:15.63elapsed 205%CPU (0avgtext+0avgdata 2963284maxresident)k
0inputs+4224outputs (0major+2090562minor)pagefaults 0swaps
