

 -------------------------------------------------------------------------------- 
          Minimac3 - Fast Imputation Based on State Space Reduction HMM
 --------------------------------------------------------------------------------
           (c) 2014 - Sayantan Das, Christian Fuchsberger, David Hinds
                             Mary Kate Wing, Goncalo Abecasis 

 Version: 2.0.1;
 Built: Fri Jul 24 13:45:41 PDT 2020 by biona001

 Command Line Options: 
    Reference Haplotypes : --refHaps [ref.chr10.excludeTarget.vcf.gz],
                           --passOnly, --rsid
       Target Haplotypes : --haps []
       Output Parameters : --prefix [ref.chr10.excludeTarget],
                           --processReference [ON], --updateModel, --nobgzip,
                           --vcfOutput [ON], --doseOutput, --hapOutput,
                           --format [GT,DS], --allTypedSites
       Subset Parameters : --chr [], --start, --end, --window
     Starting Parameters : --rec [], --err []
   Estimation Parameters : --rounds [5], --states [200]
        Other Parameters : --log, --lowMemory, --help, --cpus [1], --params
               PhoneHome : --noPhoneHome, --phoneHomeThinning [50]


 URL = http://genome.sph.umich.edu/wiki/Minimac3


 NOTE: Since "--processReference" is ON, all options under "Target Haplotypes" 
       and "Starting Parameters" will be ignored !!!
       Program will only estimate parameters and create M3VCF file.
       No imputation will be performed, hence other parameters are unnecessary !!!

 NOTE: If "--processReference" is ON, Parameter Estimation will be done by default ! 
       Use "--rounds 0" to AVOID Parameter Estimation !!!


 ------------------------------------------------------------------------------
                           REFERENCE HAPLOTYPE PANEL                           
 ------------------------------------------------------------------------------

 Format = VCF (Variant Call Format) 

 Loading Reference Haplotype Set from VCF File       : ref.chr10.excludeTarget.vcf.gz

 Reading VCF File to calculate number of records ... 


 Number of Markers read from VCF File                : 1511445
 Number of Markers with more than Two Alleles        : 0
 Number of Markers failing FILTER = PASS             : 0
 Number of Markers with inconsistent Ref/Alt Allele  : 0
 Number of Markers with duplicate ID:POS:REF:ALT     : 0
 Number of Insertions                                : 43849
 Number of Deletions                                 : 75246

 Number of Markers to be Recorded                    : 1511445
 Number of Haplotypes to be Recorded                 : 4808

 Starting to load data ...

 Number of Threads to be Used = 1

  Loading markers 1 - 10000  out of 1511445 markers to be loaded... [0.0%] 
     Processing Reference Chunk 1 for M3VCF ... 

  Loading markers 10000 - 19999  out of 1511445 markers to be loaded... [0.7%] 
     Processing Reference Chunk 1 for M3VCF ... 

  Loading markers 19999 - 29998  out of 1511445 markers to be loaded... [1.3%] 
     Processing Reference Chunk 1 for M3VCF ... 

  Loading markers 29998 - 39997  out of 1511445 markers to be loaded... [2.0%] 
     Processing Reference Chunk 1 for M3VCF ... 

  Loading markers 39997 - 49996  out of 1511445 markers to be loaded... [2.6%] 
     Processing Reference Chunk 1 for M3VCF ... 

  Loading markers 49996 - 59995  out of 1511445 markers to be loaded... [3.3%] 
     Processing Reference Chunk 1 for M3VCF ... 

  Loading markers 59995 - 69994  out of 1511445 markers to be loaded... [4.0%] 
     Processing Reference Chunk 1 for M3VCF ... 

  Loading markers 69994 - 79993  out of 1511445 markers to be loaded... [4.6%] 
     Processing Reference Chunk 1 for M3VCF ... 

  Loading markers 79993 - 89992  out of 1511445 markers to be loaded... [5.3%] 
     Processing Reference Chunk 1 for M3VCF ... 

  Loading markers 89992 - 99991  out of 1511445 markers to be loaded... [6.0%] 
     Processing Reference Chunk 1 for M3VCF ... 

  Loading markers 99991 - 109990  out of 1511445 markers to be loaded... [6.6%] 
     Processing Reference Chunk 1 for M3VCF ... 

  Loading markers 109990 - 119989  out of 1511445 markers to be loaded... [7.3%] 
     Processing Reference Chunk 1 for M3VCF ... 

  Loading markers 119989 - 129988  out of 1511445 markers to be loaded... [7.9%] 
     Processing Reference Chunk 1 for M3VCF ... 

  Loading markers 129988 - 139987  out of 1511445 markers to be loaded... [8.6%] 
     Processing Reference Chunk 1 for M3VCF ... 

  Loading markers 139987 - 149986  out of 1511445 markers to be loaded... [9.3%] 
     Processing Reference Chunk 1 for M3VCF ... 

  Loading markers 149986 - 159985  out of 1511445 markers to be loaded... [9.9%] 
     Processing Reference Chunk 1 for M3VCF ... 

  Loading markers 159985 - 169984  out of 1511445 markers to be loaded... [10.6%] 
     Processing Reference Chunk 1 for M3VCF ... 

  Loading markers 169984 - 179983  out of 1511445 markers to be loaded... [11.2%] 
     Processing Reference Chunk 1 for M3VCF ... 

  Loading markers 179983 - 189982  out of 1511445 markers to be loaded... [11.9%] 
     Processing Reference Chunk 1 for M3VCF ... 

  Loading markers 189982 - 199981  out of 1511445 markers to be loaded... [12.6%] 
     Processing Reference Chunk 1 for M3VCF ... 

  Loading markers 199981 - 209980  out of 1511445 markers to be loaded... [13.2%] 
     Processing Reference Chunk 1 for M3VCF ... 

  Loading markers 209980 - 219979  out of 1511445 markers to be loaded... [13.9%] 
     Processing Reference Chunk 1 for M3VCF ... 

  Loading markers 219979 - 229978  out of 1511445 markers to be loaded... [14.6%] 
     Processing Reference Chunk 1 for M3VCF ... 

  Loading markers 229978 - 239977  out of 1511445 markers to be loaded... [15.2%] 
     Processing Reference Chunk 1 for M3VCF ... 

  Loading markers 239977 - 249976  out of 1511445 markers to be loaded... [15.9%] 
     Processing Reference Chunk 1 for M3VCF ... 

  Loading markers 249976 - 259975  out of 1511445 markers to be loaded... [16.5%] 
     Processing Reference Chunk 1 for M3VCF ... 

  Loading markers 259975 - 269974  out of 1511445 markers to be loaded... [17.2%] 
     Processing Reference Chunk 1 for M3VCF ... 

  Loading markers 269974 - 279973  out of 1511445 markers to be loaded... [17.9%] 
     Processing Reference Chunk 1 for M3VCF ... 

  Loading markers 279973 - 289972  out of 1511445 markers to be loaded... [18.5%] 
     Processing Reference Chunk 1 for M3VCF ... 

  Loading markers 289972 - 299971  out of 1511445 markers to be loaded... [19.2%] 
     Processing Reference Chunk 1 for M3VCF ... 

  Loading markers 299971 - 309970  out of 1511445 markers to be loaded... [19.8%] 
     Processing Reference Chunk 1 for M3VCF ... 

  Loading markers 309970 - 319969  out of 1511445 markers to be loaded... [20.5%] 
     Processing Reference Chunk 1 for M3VCF ... 

  Loading markers 319969 - 329968  out of 1511445 markers to be loaded... [21.2%] 
     Processing Reference Chunk 1 for M3VCF ... 

  Loading markers 329968 - 339967  out of 1511445 markers to be loaded... [21.8%] 
     Processing Reference Chunk 1 for M3VCF ... 

  Loading markers 339967 - 349966  out of 1511445 markers to be loaded... [22.5%] 
     Processing Reference Chunk 1 for M3VCF ... 

  Loading markers 349966 - 359965  out of 1511445 markers to be loaded... [23.2%] 
     Processing Reference Chunk 1 for M3VCF ... 

  Loading markers 359965 - 369964  out of 1511445 markers to be loaded... [23.8%] 
     Processing Reference Chunk 1 for M3VCF ... 

  Loading markers 369964 - 379963  out of 1511445 markers to be loaded... [24.5%] 
     Processing Reference Chunk 1 for M3VCF ... 

  Loading markers 379963 - 389962  out of 1511445 markers to be loaded... [25.1%] 
     Processing Reference Chunk 1 for M3VCF ... 

  Loading markers 389962 - 399961  out of 1511445 markers to be loaded... [25.8%] 
     Processing Reference Chunk 1 for M3VCF ... 

  Loading markers 399961 - 409960  out of 1511445 markers to be loaded... [26.5%] 
     Processing Reference Chunk 1 for M3VCF ... 

  Loading markers 409960 - 419959  out of 1511445 markers to be loaded... [27.1%] 
     Processing Reference Chunk 1 for M3VCF ... 

  Loading markers 419959 - 429958  out of 1511445 markers to be loaded... [27.8%] 
     Processing Reference Chunk 1 for M3VCF ... 

  Loading markers 429958 - 439957  out of 1511445 markers to be loaded... [28.4%] 
     Processing Reference Chunk 1 for M3VCF ... 

  Loading markers 439957 - 449956  out of 1511445 markers to be loaded... [29.1%] 
     Processing Reference Chunk 1 for M3VCF ... 

  Loading markers 449956 - 459955  out of 1511445 markers to be loaded... [29.8%] 
     Processing Reference Chunk 1 for M3VCF ... 

  Loading markers 459955 - 469954  out of 1511445 markers to be loaded... [30.4%] 
     Processing Reference Chunk 1 for M3VCF ... 

  Loading markers 469954 - 479953  out of 1511445 markers to be loaded... [31.1%] 
     Processing Reference Chunk 1 for M3VCF ... 

  Loading markers 479953 - 489952  out of 1511445 markers to be loaded... [31.8%] 
     Processing Reference Chunk 1 for M3VCF ... 

  Loading markers 489952 - 499951  out of 1511445 markers to be loaded... [32.4%] 
     Processing Reference Chunk 1 for M3VCF ... 

  Loading markers 499951 - 509950  out of 1511445 markers to be loaded... [33.1%] 
     Processing Reference Chunk 1 for M3VCF ... 

  Loading markers 509950 - 519949  out of 1511445 markers to be loaded... [33.7%] 
     Processing Reference Chunk 1 for M3VCF ... 

  Loading markers 519949 - 529948  out of 1511445 markers to be loaded... [34.4%] 
     Processing Reference Chunk 1 for M3VCF ... 

  Loading markers 529948 - 539947  out of 1511445 markers to be loaded... [35.1%] 
     Processing Reference Chunk 1 for M3VCF ... 

  Loading markers 539947 - 549946  out of 1511445 markers to be loaded... [35.7%] 
     Processing Reference Chunk 1 for M3VCF ... 

  Loading markers 549946 - 559945  out of 1511445 markers to be loaded... [36.4%] 
     Processing Reference Chunk 1 for M3VCF ... 

  Loading markers 559945 - 569944  out of 1511445 markers to be loaded... [37.0%] 
     Processing Reference Chunk 1 for M3VCF ... 

  Loading markers 569944 - 579943  out of 1511445 markers to be loaded... [37.7%] 
     Processing Reference Chunk 1 for M3VCF ... 

  Loading markers 579943 - 589942  out of 1511445 markers to be loaded... [38.4%] 
     Processing Reference Chunk 1 for M3VCF ... 

  Loading markers 589942 - 599941  out of 1511445 markers to be loaded... [39.0%] 
     Processing Reference Chunk 1 for M3VCF ... 

  Loading markers 599941 - 609940  out of 1511445 markers to be loaded... [39.7%] 
     Processing Reference Chunk 1 for M3VCF ... 

  Loading markers 609940 - 619939  out of 1511445 markers to be loaded... [40.4%] 
     Processing Reference Chunk 1 for M3VCF ... 

  Loading markers 619939 - 629938  out of 1511445 markers to be loaded... [41.0%] 
     Processing Reference Chunk 1 for M3VCF ... 

  Loading markers 629938 - 639937  out of 1511445 markers to be loaded... [41.7%] 
     Processing Reference Chunk 1 for M3VCF ... 

  Loading markers 639937 - 649936  out of 1511445 markers to be loaded... [42.3%] 
     Processing Reference Chunk 1 for M3VCF ... 

  Loading markers 649936 - 659935  out of 1511445 markers to be loaded... [43.0%] 
     Processing Reference Chunk 1 for M3VCF ... 

  Loading markers 659935 - 669934  out of 1511445 markers to be loaded... [43.7%] 
     Processing Reference Chunk 1 for M3VCF ... 

  Loading markers 669934 - 679933  out of 1511445 markers to be loaded... [44.3%] 
     Processing Reference Chunk 1 for M3VCF ... 

  Loading markers 679933 - 689932  out of 1511445 markers to be loaded... [45.0%] 
     Processing Reference Chunk 1 for M3VCF ... 

  Loading markers 689932 - 699931  out of 1511445 markers to be loaded... [45.6%] 
     Processing Reference Chunk 1 for M3VCF ... 

  Loading markers 699931 - 709930  out of 1511445 markers to be loaded... [46.3%] 
     Processing Reference Chunk 1 for M3VCF ... 

  Loading markers 709930 - 719929  out of 1511445 markers to be loaded... [47.0%] 
     Processing Reference Chunk 1 for M3VCF ... 

  Loading markers 719929 - 729928  out of 1511445 markers to be loaded... [47.6%] 
     Processing Reference Chunk 1 for M3VCF ... 

  Loading markers 729928 - 739927  out of 1511445 markers to be loaded... [48.3%] 
     Processing Reference Chunk 1 for M3VCF ... 

  Loading markers 739927 - 749926  out of 1511445 markers to be loaded... [49.0%] 
     Processing Reference Chunk 1 for M3VCF ... 

  Loading markers 749926 - 759925  out of 1511445 markers to be loaded... [49.6%] 
     Processing Reference Chunk 1 for M3VCF ... 

  Loading markers 759925 - 769924  out of 1511445 markers to be loaded... [50.3%] 
     Processing Reference Chunk 1 for M3VCF ... 

  Loading markers 769924 - 779923  out of 1511445 markers to be loaded... [50.9%] 
     Processing Reference Chunk 1 for M3VCF ... 

  Loading markers 779923 - 789922  out of 1511445 markers to be loaded... [51.6%] 
     Processing Reference Chunk 1 for M3VCF ... 

  Loading markers 789922 - 799921  out of 1511445 markers to be loaded... [52.3%] 
     Processing Reference Chunk 1 for M3VCF ... 

  Loading markers 799921 - 809920  out of 1511445 markers to be loaded... [52.9%] 
     Processing Reference Chunk 1 for M3VCF ... 

  Loading markers 809920 - 819919  out of 1511445 markers to be loaded... [53.6%] 
     Processing Reference Chunk 1 for M3VCF ... 

  Loading markers 819919 - 829918  out of 1511445 markers to be loaded... [54.2%] 
     Processing Reference Chunk 1 for M3VCF ... 

  Loading markers 829918 - 839917  out of 1511445 markers to be loaded... [54.9%] 
     Processing Reference Chunk 1 for M3VCF ... 

  Loading markers 839917 - 849916  out of 1511445 markers to be loaded... [55.6%] 
     Processing Reference Chunk 1 for M3VCF ... 

  Loading markers 849916 - 859915  out of 1511445 markers to be loaded... [56.2%] 
     Processing Reference Chunk 1 for M3VCF ... 

  Loading markers 859915 - 869914  out of 1511445 markers to be loaded... [56.9%] 
     Processing Reference Chunk 1 for M3VCF ... 

  Loading markers 869914 - 879913  out of 1511445 markers to be loaded... [57.6%] 
     Processing Reference Chunk 1 for M3VCF ... 

  Loading markers 879913 - 889912  out of 1511445 markers to be loaded... [58.2%] 
     Processing Reference Chunk 1 for M3VCF ... 

  Loading markers 889912 - 899911  out of 1511445 markers to be loaded... [58.9%] 
     Processing Reference Chunk 1 for M3VCF ... 

  Loading markers 899911 - 909910  out of 1511445 markers to be loaded... [59.5%] 
     Processing Reference Chunk 1 for M3VCF ... 

  Loading markers 909910 - 919909  out of 1511445 markers to be loaded... [60.2%] 
     Processing Reference Chunk 1 for M3VCF ... 

  Loading markers 919909 - 929908  out of 1511445 markers to be loaded... [60.9%] 
     Processing Reference Chunk 1 for M3VCF ... 

  Loading markers 929908 - 939907  out of 1511445 markers to be loaded... [61.5%] 
     Processing Reference Chunk 1 for M3VCF ... 

  Loading markers 939907 - 949906  out of 1511445 markers to be loaded... [62.2%] 
     Processing Reference Chunk 1 for M3VCF ... 

  Loading markers 949906 - 959905  out of 1511445 markers to be loaded... [62.8%] 
     Processing Reference Chunk 1 for M3VCF ... 

  Loading markers 959905 - 969904  out of 1511445 markers to be loaded... [63.5%] 
     Processing Reference Chunk 1 for M3VCF ... 

  Loading markers 969904 - 979903  out of 1511445 markers to be loaded... [64.2%] 
     Processing Reference Chunk 1 for M3VCF ... 

  Loading markers 979903 - 989902  out of 1511445 markers to be loaded... [64.8%] 
     Processing Reference Chunk 1 for M3VCF ... 

  Loading markers 989902 - 999901  out of 1511445 markers to be loaded... [65.5%] 
     Processing Reference Chunk 1 for M3VCF ... 

  Loading markers 999901 - 1009900  out of 1511445 markers to be loaded... [66.2%] 
     Processing Reference Chunk 1 for M3VCF ... 

  Loading markers 1009900 - 1019899  out of 1511445 markers to be loaded... [66.8%] 
     Processing Reference Chunk 1 for M3VCF ... 

  Loading markers 1019899 - 1029898  out of 1511445 markers to be loaded... [67.5%] 
     Processing Reference Chunk 1 for M3VCF ... 

  Loading markers 1029898 - 1039897  out of 1511445 markers to be loaded... [68.1%] 
     Processing Reference Chunk 1 for M3VCF ... 

  Loading markers 1039897 - 1049896  out of 1511445 markers to be loaded... [68.8%] 
     Processing Reference Chunk 1 for M3VCF ... 

  Loading markers 1049896 - 1059895  out of 1511445 markers to be loaded... [69.5%] 
     Processing Reference Chunk 1 for M3VCF ... 

  Loading markers 1059895 - 1069894  out of 1511445 markers to be loaded... [70.1%] 
     Processing Reference Chunk 1 for M3VCF ... 

  Loading markers 1069894 - 1079893  out of 1511445 markers to be loaded... [70.8%] 
     Processing Reference Chunk 1 for M3VCF ... 

  Loading markers 1079893 - 1089892  out of 1511445 markers to be loaded... [71.4%] 
     Processing Reference Chunk 1 for M3VCF ... 

  Loading markers 1089892 - 1099891  out of 1511445 markers to be loaded... [72.1%] 
     Processing Reference Chunk 1 for M3VCF ... 

  Loading markers 1099891 - 1109890  out of 1511445 markers to be loaded... [72.8%] 
     Processing Reference Chunk 1 for M3VCF ... 

  Loading markers 1109890 - 1119889  out of 1511445 markers to be loaded... [73.4%] 
     Processing Reference Chunk 1 for M3VCF ... 

  Loading markers 1119889 - 1129888  out of 1511445 markers to be loaded... [74.1%] 
     Processing Reference Chunk 1 for M3VCF ... 

  Loading markers 1129888 - 1139887  out of 1511445 markers to be loaded... [74.8%] 
     Processing Reference Chunk 1 for M3VCF ... 

  Loading markers 1139887 - 1149886  out of 1511445 markers to be loaded... [75.4%] 
     Processing Reference Chunk 1 for M3VCF ... 

  Loading markers 1149886 - 1159885  out of 1511445 markers to be loaded... [76.1%] 
     Processing Reference Chunk 1 for M3VCF ... 

  Loading markers 1159885 - 1169884  out of 1511445 markers to be loaded... [76.7%] 
     Processing Reference Chunk 1 for M3VCF ... 

  Loading markers 1169884 - 1179883  out of 1511445 markers to be loaded... [77.4%] 
     Processing Reference Chunk 1 for M3VCF ... 

  Loading markers 1179883 - 1189882  out of 1511445 markers to be loaded... [78.1%] 
     Processing Reference Chunk 1 for M3VCF ... 

  Loading markers 1189882 - 1199881  out of 1511445 markers to be loaded... [78.7%] 
     Processing Reference Chunk 1 for M3VCF ... 

  Loading markers 1199881 - 1209880  out of 1511445 markers to be loaded... [79.4%] 
     Processing Reference Chunk 1 for M3VCF ... 

  Loading markers 1209880 - 1219879  out of 1511445 markers to be loaded... [80.0%] 
     Processing Reference Chunk 1 for M3VCF ... 

  Loading markers 1219879 - 1229878  out of 1511445 markers to be loaded... [80.7%] 
     Processing Reference Chunk 1 for M3VCF ... 

  Loading markers 1229878 - 1239877  out of 1511445 markers to be loaded... [81.4%] 
     Processing Reference Chunk 1 for M3VCF ... 

  Loading markers 1239877 - 1249876  out of 1511445 markers to be loaded... [82.0%] 
     Processing Reference Chunk 1 for M3VCF ... 

  Loading markers 1249876 - 1259875  out of 1511445 markers to be loaded... [82.7%] 
     Processing Reference Chunk 1 for M3VCF ... 

  Loading markers 1259875 - 1269874  out of 1511445 markers to be loaded... [83.4%] 
     Processing Reference Chunk 1 for M3VCF ... 

  Loading markers 1269874 - 1279873  out of 1511445 markers to be loaded... [84.0%] 
     Processing Reference Chunk 1 for M3VCF ... 

  Loading markers 1279873 - 1289872  out of 1511445 markers to be loaded... [84.7%] 
     Processing Reference Chunk 1 for M3VCF ... 

  Loading markers 1289872 - 1299871  out of 1511445 markers to be loaded... [85.3%] 
     Processing Reference Chunk 1 for M3VCF ... 

  Loading markers 1299871 - 1309870  out of 1511445 markers to be loaded... [86.0%] 
     Processing Reference Chunk 1 for M3VCF ... 

  Loading markers 1309870 - 1319869  out of 1511445 markers to be loaded... [86.7%] 
     Processing Reference Chunk 1 for M3VCF ... 

  Loading markers 1319869 - 1329868  out of 1511445 markers to be loaded... [87.3%] 
     Processing Reference Chunk 1 for M3VCF ... 

  Loading markers 1329868 - 1339867  out of 1511445 markers to be loaded... [88.0%] 
     Processing Reference Chunk 1 for M3VCF ... 

  Loading markers 1339867 - 1349866  out of 1511445 markers to be loaded... [88.6%] 
     Processing Reference Chunk 1 for M3VCF ... 

  Loading markers 1349866 - 1359865  out of 1511445 markers to be loaded... [89.3%] 
     Processing Reference Chunk 1 for M3VCF ... 

  Loading markers 1359865 - 1369864  out of 1511445 markers to be loaded... [90.0%] 
     Processing Reference Chunk 1 for M3VCF ... 

  Loading markers 1369864 - 1379863  out of 1511445 markers to be loaded... [90.6%] 
     Processing Reference Chunk 1 for M3VCF ... 

  Loading markers 1379863 - 1389862  out of 1511445 markers to be loaded... [91.3%] 
     Processing Reference Chunk 1 for M3VCF ... 

  Loading markers 1389862 - 1399861  out of 1511445 markers to be loaded... [92.0%] 
     Processing Reference Chunk 1 for M3VCF ... 

  Loading markers 1399861 - 1409860  out of 1511445 markers to be loaded... [92.6%] 
     Processing Reference Chunk 1 for M3VCF ... 

  Loading markers 1409860 - 1419859  out of 1511445 markers to be loaded... [93.3%] 
     Processing Reference Chunk 1 for M3VCF ... 

  Loading markers 1419859 - 1429858  out of 1511445 markers to be loaded... [93.9%] 
     Processing Reference Chunk 1 for M3VCF ... 

  Loading markers 1429858 - 1439857  out of 1511445 markers to be loaded... [94.6%] 
     Processing Reference Chunk 1 for M3VCF ... 

  Loading markers 1439857 - 1449856  out of 1511445 markers to be loaded... [95.3%] 
     Processing Reference Chunk 1 for M3VCF ... 

  Loading markers 1449856 - 1459855  out of 1511445 markers to be loaded... [95.9%] 
     Processing Reference Chunk 1 for M3VCF ... 

  Loading markers 1459855 - 1469854  out of 1511445 markers to be loaded... [96.6%] 
     Processing Reference Chunk 1 for M3VCF ... 

  Loading markers 1469854 - 1479853  out of 1511445 markers to be loaded... [97.2%] 
     Processing Reference Chunk 1 for M3VCF ... 

  Loading markers 1479853 - 1489852  out of 1511445 markers to be loaded... [97.9%] 
     Processing Reference Chunk 1 for M3VCF ... 

  Loading markers 1489852 - 1499851  out of 1511445 markers to be loaded... [98.6%] 
     Processing Reference Chunk 1 for M3VCF ... 

  Loading markers 1499851 - 1509850  out of 1511445 markers to be loaded... [99.2%] 
     Processing Reference Chunk 1 for M3VCF ... 

  Loading markers 1509850 - 1511445  out of 1511445 markers to be loaded... [99.9%] 
     Processing Reference Chunk 1 for M3VCF ... 


 Number of Markers Recorded                          : 1511445
 Number of Haplotypes Recorded                       : 4808

 Haplotype Set successfully loaded from VCF File     : ref.chr10.excludeTarget.vcf.gz

 Writing draft [.m3vcf] file                         : ref.chr10.excludeTarget.draft.m3vcf.gz

 Successfully written file ... 

 ------------------------------------------------------------------------------
                             PARAMETER ESTIMATION                              
 ------------------------------------------------------------------------------

 Setting up Markov Model for Parameter Estimation...

 Initializing Model Parameters (using E-M and up to 200 haplotypes) ...

 Round 1 of Parameter Refinement ...
      973 mosaic crossovers expected per haplotype
      0.000674 errors in mosaic expected per marker
    Log-Likelihood of this Iteration : -2.916e+06

 Round 2 of Parameter Refinement ...
      903 mosaic crossovers expected per haplotype
      0.000534 errors in mosaic expected per marker
    Log-Likelihood of this Iteration : -2.7696e+06

 Round 3 of Parameter Refinement ...
      897 mosaic crossovers expected per haplotype
      0.000462 errors in mosaic expected per marker
    Log-Likelihood of this Iteration : -2.6892e+06

 Round 4 of Parameter Refinement ...
      903 mosaic crossovers expected per haplotype
      0.000421 errors in mosaic expected per marker
    Log-Likelihood of this Iteration : -2.6407e+06

 Round 5 of Parameter Refinement ...
      909 mosaic crossovers expected per haplotype
      0.000396 errors in mosaic expected per marker
    Log-Likelihood of this Iteration : -2.6087e+06

 Saving estimated parameters for future use/reference to ...

 Recombination Rates : ref.chr10.excludeTarget.rec
 Error Rates         : ref.chr10.excludeTarget.erate

 Time taken for parameter estimation = 4826 seconds. 

 Writing final reduced haplotype information to [.m3vcf] file  : ref.chr10.excludeTarget.m3vcf.gz

 Successfully written file ... 

 Temporary Draft [.m3vcf] file ref.chr10.excludeTarget.draft.m3vcf.gz deleted ... 


 Time taken to load reference haplotype set = 6475 seconds.

 ------------------------------------------------------------------------------
                                END OF PROGRAM                                 
 ------------------------------------------------------------------------------

 Program Successfully Implemented... 
 
 Total Run completed in 1 hours, 47 mins, 55 seconds.

 Thank You for using Minimac3 !!! 

5880.78user 601.68system 1:47:55elapsed 100%CPU (0avgtext+0avgdata 3068636maxresident)k
858016inputs+614592outputs (0major+425811726minor)pagefaults 0swaps
