

 -------------------------------------------------------------------------------- 
          Minimac3 - Fast Imputation Based on State Space Reduction HMM
 --------------------------------------------------------------------------------
           (c) 2014 - Sayantan Das, Christian Fuchsberger, David Hinds
                             Mary Kate Wing, Goncalo Abecasis 

 Version: 2.0.1;
 Built: Fri Jul 24 13:45:41 PDT 2020 by biona001

 Command Line Options: 
    Reference Haplotypes : --refHaps [ref.chr20.excludeTarget.vcf.gz],
                           --passOnly, --rsid
       Target Haplotypes : --haps []
       Output Parameters : --prefix [ref.chr20.excludeTarget],
                           --processReference [ON], --updateModel, --nobgzip,
                           --vcfOutput [ON], --doseOutput, --hapOutput,
                           --format [GT,DS], --allTypedSites
       Subset Parameters : --chr [], --start, --end, --window
     Starting Parameters : --rec [], --err []
   Estimation Parameters : --rounds [5], --states [200]
        Other Parameters : --log, --lowMemory, --help, --cpus [1], --params
               PhoneHome : --noPhoneHome, --phoneHomeThinning [50]


 URL = http://genome.sph.umich.edu/wiki/Minimac3


 NOTE: Since "--processReference" is ON, all options under "Target Haplotypes" 
       and "Starting Parameters" will be ignored !!!
       Program will only estimate parameters and create M3VCF file.
       No imputation will be performed, hence other parameters are unnecessary !!!

 NOTE: If "--processReference" is ON, Parameter Estimation will be done by default ! 
       Use "--rounds 0" to AVOID Parameter Estimation !!!


 ------------------------------------------------------------------------------
                           REFERENCE HAPLOTYPE PANEL                           
 ------------------------------------------------------------------------------

 Format = VCF (Variant Call Format) 

 Loading Reference Haplotype Set from VCF File       : ref.chr20.excludeTarget.vcf.gz

 Reading VCF File to calculate number of records ... 


 Number of Markers read from VCF File                : 669987
 Number of Markers with more than Two Alleles        : 0
 Number of Markers failing FILTER = PASS             : 0
 Number of Markers with inconsistent Ref/Alt Allele  : 0
 Number of Markers with duplicate ID:POS:REF:ALT     : 0
 Number of Insertions                                : 19092
 Number of Deletions                                 : 32453

 Number of Markers to be Recorded                    : 669987
 Number of Haplotypes to be Recorded                 : 4808

 Starting to load data ...

 Number of Threads to be Used = 1

  Loading markers 1 - 10000  out of 669987 markers to be loaded... [0.0%] 
     Processing Reference Chunk 1 for M3VCF ... 

  Loading markers 10000 - 19999  out of 669987 markers to be loaded... [1.5%] 
     Processing Reference Chunk 1 for M3VCF ... 

  Loading markers 19999 - 29998  out of 669987 markers to be loaded... [3.0%] 
     Processing Reference Chunk 1 for M3VCF ... 

  Loading markers 29998 - 39997  out of 669987 markers to be loaded... [4.5%] 
     Processing Reference Chunk 1 for M3VCF ... 

  Loading markers 39997 - 49996  out of 669987 markers to be loaded... [6.0%] 
     Processing Reference Chunk 1 for M3VCF ... 

  Loading markers 49996 - 59995  out of 669987 markers to be loaded... [7.5%] 
     Processing Reference Chunk 1 for M3VCF ... 

  Loading markers 59995 - 69994  out of 669987 markers to be loaded... [9.0%] 
     Processing Reference Chunk 1 for M3VCF ... 

  Loading markers 69994 - 79993  out of 669987 markers to be loaded... [10.4%] 
     Processing Reference Chunk 1 for M3VCF ... 

  Loading markers 79993 - 89992  out of 669987 markers to be loaded... [11.9%] 
     Processing Reference Chunk 1 for M3VCF ... 

  Loading markers 89992 - 99991  out of 669987 markers to be loaded... [13.4%] 
     Processing Reference Chunk 1 for M3VCF ... 

  Loading markers 99991 - 109990  out of 669987 markers to be loaded... [14.9%] 
     Processing Reference Chunk 1 for M3VCF ... 

  Loading markers 109990 - 119989  out of 669987 markers to be loaded... [16.4%] 
     Processing Reference Chunk 1 for M3VCF ... 

  Loading markers 119989 - 129988  out of 669987 markers to be loaded... [17.9%] 
     Processing Reference Chunk 1 for M3VCF ... 

  Loading markers 129988 - 139987  out of 669987 markers to be loaded... [19.4%] 
     Processing Reference Chunk 1 for M3VCF ... 

  Loading markers 139987 - 149986  out of 669987 markers to be loaded... [20.9%] 
     Processing Reference Chunk 1 for M3VCF ... 

  Loading markers 149986 - 159985  out of 669987 markers to be loaded... [22.4%] 
     Processing Reference Chunk 1 for M3VCF ... 

  Loading markers 159985 - 169984  out of 669987 markers to be loaded... [23.9%] 
     Processing Reference Chunk 1 for M3VCF ... 

  Loading markers 169984 - 179983  out of 669987 markers to be loaded... [25.4%] 
     Processing Reference Chunk 1 for M3VCF ... 

  Loading markers 179983 - 189982  out of 669987 markers to be loaded... [26.9%] 
     Processing Reference Chunk 1 for M3VCF ... 

  Loading markers 189982 - 199981  out of 669987 markers to be loaded... [28.4%] 
     Processing Reference Chunk 1 for M3VCF ... 

  Loading markers 199981 - 209980  out of 669987 markers to be loaded... [29.8%] 
     Processing Reference Chunk 1 for M3VCF ... 

  Loading markers 209980 - 219979  out of 669987 markers to be loaded... [31.3%] 
     Processing Reference Chunk 1 for M3VCF ... 

  Loading markers 219979 - 229978  out of 669987 markers to be loaded... [32.8%] 
     Processing Reference Chunk 1 for M3VCF ... 

  Loading markers 229978 - 239977  out of 669987 markers to be loaded... [34.3%] 
     Processing Reference Chunk 1 for M3VCF ... 

  Loading markers 239977 - 249976  out of 669987 markers to be loaded... [35.8%] 
     Processing Reference Chunk 1 for M3VCF ... 

  Loading markers 249976 - 259975  out of 669987 markers to be loaded... [37.3%] 
     Processing Reference Chunk 1 for M3VCF ... 

  Loading markers 259975 - 269974  out of 669987 markers to be loaded... [38.8%] 
     Processing Reference Chunk 1 for M3VCF ... 

  Loading markers 269974 - 279973  out of 669987 markers to be loaded... [40.3%] 
     Processing Reference Chunk 1 for M3VCF ... 

  Loading markers 279973 - 289972  out of 669987 markers to be loaded... [41.8%] 
     Processing Reference Chunk 1 for M3VCF ... 

  Loading markers 289972 - 299971  out of 669987 markers to be loaded... [43.3%] 
     Processing Reference Chunk 1 for M3VCF ... 

  Loading markers 299971 - 309970  out of 669987 markers to be loaded... [44.8%] 
     Processing Reference Chunk 1 for M3VCF ... 

  Loading markers 309970 - 319969  out of 669987 markers to be loaded... [46.3%] 
     Processing Reference Chunk 1 for M3VCF ... 

  Loading markers 319969 - 329968  out of 669987 markers to be loaded... [47.8%] 
     Processing Reference Chunk 1 for M3VCF ... 

  Loading markers 329968 - 339967  out of 669987 markers to be loaded... [49.2%] 
     Processing Reference Chunk 1 for M3VCF ... 

  Loading markers 339967 - 349966  out of 669987 markers to be loaded... [50.7%] 
     Processing Reference Chunk 1 for M3VCF ... 

  Loading markers 349966 - 359965  out of 669987 markers to be loaded... [52.2%] 
     Processing Reference Chunk 1 for M3VCF ... 

  Loading markers 359965 - 369964  out of 669987 markers to be loaded... [53.7%] 
     Processing Reference Chunk 1 for M3VCF ... 

  Loading markers 369964 - 379963  out of 669987 markers to be loaded... [55.2%] 
     Processing Reference Chunk 1 for M3VCF ... 

  Loading markers 379963 - 389962  out of 669987 markers to be loaded... [56.7%] 
     Processing Reference Chunk 1 for M3VCF ... 

  Loading markers 389962 - 399961  out of 669987 markers to be loaded... [58.2%] 
     Processing Reference Chunk 1 for M3VCF ... 

  Loading markers 399961 - 409960  out of 669987 markers to be loaded... [59.7%] 
     Processing Reference Chunk 1 for M3VCF ... 

  Loading markers 409960 - 419959  out of 669987 markers to be loaded... [61.2%] 
     Processing Reference Chunk 1 for M3VCF ... 

  Loading markers 419959 - 429958  out of 669987 markers to be loaded... [62.7%] 
     Processing Reference Chunk 1 for M3VCF ... 

  Loading markers 429958 - 439957  out of 669987 markers to be loaded... [64.2%] 
     Processing Reference Chunk 1 for M3VCF ... 

  Loading markers 439957 - 449956  out of 669987 markers to be loaded... [65.7%] 
     Processing Reference Chunk 1 for M3VCF ... 

  Loading markers 449956 - 459955  out of 669987 markers to be loaded... [67.2%] 
     Processing Reference Chunk 1 for M3VCF ... 

  Loading markers 459955 - 469954  out of 669987 markers to be loaded... [68.7%] 
     Processing Reference Chunk 1 for M3VCF ... 

  Loading markers 469954 - 479953  out of 669987 markers to be loaded... [70.1%] 
     Processing Reference Chunk 1 for M3VCF ... 

  Loading markers 479953 - 489952  out of 669987 markers to be loaded... [71.6%] 
     Processing Reference Chunk 1 for M3VCF ... 

  Loading markers 489952 - 499951  out of 669987 markers to be loaded... [73.1%] 
     Processing Reference Chunk 1 for M3VCF ... 

  Loading markers 499951 - 509950  out of 669987 markers to be loaded... [74.6%] 
     Processing Reference Chunk 1 for M3VCF ... 

  Loading markers 509950 - 519949  out of 669987 markers to be loaded... [76.1%] 
     Processing Reference Chunk 1 for M3VCF ... 

  Loading markers 519949 - 529948  out of 669987 markers to be loaded... [77.6%] 
     Processing Reference Chunk 1 for M3VCF ... 

  Loading markers 529948 - 539947  out of 669987 markers to be loaded... [79.1%] 
     Processing Reference Chunk 1 for M3VCF ... 

  Loading markers 539947 - 549946  out of 669987 markers to be loaded... [80.6%] 
     Processing Reference Chunk 1 for M3VCF ... 

  Loading markers 549946 - 559945  out of 669987 markers to be loaded... [82.1%] 
     Processing Reference Chunk 1 for M3VCF ... 

  Loading markers 559945 - 569944  out of 669987 markers to be loaded... [83.6%] 
     Processing Reference Chunk 1 for M3VCF ... 

  Loading markers 569944 - 579943  out of 669987 markers to be loaded... [85.1%] 
     Processing Reference Chunk 1 for M3VCF ... 

  Loading markers 579943 - 589942  out of 669987 markers to be loaded... [86.6%] 
     Processing Reference Chunk 1 for M3VCF ... 

  Loading markers 589942 - 599941  out of 669987 markers to be loaded... [88.1%] 
     Processing Reference Chunk 1 for M3VCF ... 

  Loading markers 599941 - 609940  out of 669987 markers to be loaded... [89.5%] 
     Processing Reference Chunk 1 for M3VCF ... 

  Loading markers 609940 - 619939  out of 669987 markers to be loaded... [91.0%] 
     Processing Reference Chunk 1 for M3VCF ... 

  Loading markers 619939 - 629938  out of 669987 markers to be loaded... [92.5%] 
     Processing Reference Chunk 1 for M3VCF ... 

  Loading markers 629938 - 639937  out of 669987 markers to be loaded... [94.0%] 
     Processing Reference Chunk 1 for M3VCF ... 

  Loading markers 639937 - 649936  out of 669987 markers to be loaded... [95.5%] 
     Processing Reference Chunk 1 for M3VCF ... 

  Loading markers 649936 - 659935  out of 669987 markers to be loaded... [97.0%] 
     Processing Reference Chunk 1 for M3VCF ... 

  Loading markers 659935 - 669934  out of 669987 markers to be loaded... [98.5%] 
     Processing Reference Chunk 1 for M3VCF ... 

  Loading markers 669934 - 669987  out of 669987 markers to be loaded... [100.0%] 
     Processing Reference Chunk 1 for M3VCF ... 


 Number of Markers Recorded                          : 669987
 Number of Haplotypes Recorded                       : 4808

 Haplotype Set successfully loaded from VCF File     : ref.chr20.excludeTarget.vcf.gz

 Writing draft [.m3vcf] file                         : ref.chr20.excludeTarget.draft.m3vcf.gz

 Successfully written file ... 

 ------------------------------------------------------------------------------
                             PARAMETER ESTIMATION                              
 ------------------------------------------------------------------------------

 Setting up Markov Model for Parameter Estimation...

 Initializing Model Parameters (using E-M and up to 200 haplotypes) ...

 Round 1 of Parameter Refinement ...
      464 mosaic crossovers expected per haplotype
      0.000659 errors in mosaic expected per marker
    Log-Likelihood of this Iteration : -1.3257e+06

 Round 2 of Parameter Refinement ...
      437 mosaic crossovers expected per haplotype
      0.000518 errors in mosaic expected per marker
    Log-Likelihood of this Iteration : -1.2656e+06

 Round 3 of Parameter Refinement ...
      434 mosaic crossovers expected per haplotype
      0.000444 errors in mosaic expected per marker
    Log-Likelihood of this Iteration : -1.2328e+06

 Round 4 of Parameter Refinement ...
      436 mosaic crossovers expected per haplotype
      0.000402 errors in mosaic expected per marker
    Log-Likelihood of this Iteration : -1.2133e+06

 Round 5 of Parameter Refinement ...
      438 mosaic crossovers expected per haplotype
      0.000376 errors in mosaic expected per marker
    Log-Likelihood of this Iteration : -1.2006e+06

 Saving estimated parameters for future use/reference to ...

 Recombination Rates : ref.chr20.excludeTarget.rec
 Error Rates         : ref.chr20.excludeTarget.erate

 Time taken for parameter estimation = 2109 seconds. 

 Writing final reduced haplotype information to [.m3vcf] file  : ref.chr20.excludeTarget.m3vcf.gz

 Successfully written file ... 

 Temporary Draft [.m3vcf] file ref.chr20.excludeTarget.draft.m3vcf.gz deleted ... 


 Time taken to load reference haplotype set = 2841 seconds.

 ------------------------------------------------------------------------------
                                END OF PROGRAM                                 
 ------------------------------------------------------------------------------

 Program Successfully Implemented... 
 
 Total Run completed in 0 hours, 47 mins, 21 seconds.

 Thank You for using Minimac3 !!! 

2621.47user 223.46system 47:21.93elapsed 100%CPU (0avgtext+0avgdata 1390564maxresident)k
373928inputs+274448outputs (0major+163547997minor)pagefaults 0swaps
