****                   ADMIXTURE Version 1.3.0                  ****
****                    Copyright 2008-2015                     ****
****           David Alexander, Suyash Shringarpure,            ****
****                John  Novembre, Ken Lange                   ****
****                                                            ****
****                 Please cite our paper!                     ****
****   Information at www.genetics.ucla.edu/software/admixture  ****

Parallel execution requested.  Will use 10 threads.
Random seed: 43
Point estimation method: Block relaxation algorithm
Convergence acceleration algorithm: QuasiNewton, 3 secant conditions
Point estimation will terminate when objective function delta < 0.0001
Estimation of standard errors disabled; will compute point estimates only.
Size of G: 2504x852508
Performing five EM steps to prime main algorithm
1 (EM) 	Elapsed: 1121.78	Loglikelihood: -7.23063e+08	(delta): 2.29053e+09
2 (EM) 	Elapsed: 1125.56	Loglikelihood: -6.77956e+08	(delta): 4.51062e+07
3 (EM) 	Elapsed: 1127.26	Loglikelihood: -6.74523e+08	(delta): 3.43363e+06
4 (EM) 	Elapsed: 1118.35	Loglikelihood: -6.73262e+08	(delta): 1.26035e+06
5 (EM) 	Elapsed: 1118.6	Loglikelihood: -6.72312e+08	(delta): 950673
Initial loglikelihood: -6.72312e+08
Starting main algorithm
1 (QN/Block) 	Elapsed: 1285.01	Loglikelihood: -6.01301e+08	(delta): 7.10105e+07
2 (QN/Block) 	Elapsed: 1282.18	Loglikelihood: -5.92023e+08	(delta): 9.278e+06
3 (QN/Block) 	Elapsed: 1300.61	Loglikelihood: -5.88522e+08	(delta): 3.50137e+06
4 (QN/Block) 	Elapsed: 1309.02	Loglikelihood: -5.8707e+08	(delta): 1.4522e+06
5 (QN/Block) 	Elapsed: 1307.27	Loglikelihood: -5.86545e+08	(delta): 524296
6 (QN/Block) 	Elapsed: 1297.74	Loglikelihood: -5.86253e+08	(delta): 292635
7 (QN/Block) 	Elapsed: 1316.74	Loglikelihood: -5.86033e+08	(delta): 219833
8 (QN/Block) 	Elapsed: 1311.92	Loglikelihood: -5.85857e+08	(delta): 175750
9 (QN/Block) 	Elapsed: 1338.06	Loglikelihood: -5.85738e+08	(delta): 119096
10 (QN/Block) 	Elapsed: 1316.34	Loglikelihood: -5.85643e+08	(delta): 95353
11 (QN/Block) 	Elapsed: 1300.18	Loglikelihood: -5.85578e+08	(delta): 64373.1
12 (QN/Block) 	Elapsed: 1303.18	Loglikelihood: -5.85536e+08	(delta): 42758.1
13 (QN/Block) 	Elapsed: 1306.02	Loglikelihood: -5.85507e+08	(delta): 29015.9
14 (QN/Block) 	Elapsed: 1305.03	Loglikelihood: -5.85457e+08	(delta): 49180.8
15 (QN/Block) 	Elapsed: 1308.03	Loglikelihood: -5.85434e+08	(delta): 23867
16 (QN/Block) 	Elapsed: 1295.89	Loglikelihood: -5.85412e+08	(delta): 21552.3
17 (QN/Block) 	Elapsed: 1295.62	Loglikelihood: -5.85392e+08	(delta): 19590.5
18 (QN/Block) 	Elapsed: 1314.87	Loglikelihood: -5.85374e+08	(delta): 18834.5
19 (QN/Block) 	Elapsed: 1301.12	Loglikelihood: -5.85362e+08	(delta): 11860.3
20 (QN/Block) 	Elapsed: 1298.73	Loglikelihood: -5.85346e+08	(delta): 15667.9
21 (QN/Block) 	Elapsed: 1301.83	Loglikelihood: -5.85331e+08	(delta): 15183.1
22 (QN/Block) 	Elapsed: 1301.38	Loglikelihood: -5.85318e+08	(delta): 12829.9
23 (QN/Block) 	Elapsed: 1304.04	Loglikelihood: -5.853e+08	(delta): 18518.3
24 (QN/Block) 	Elapsed: 1303.54	Loglikelihood: -5.85284e+08	(delta): 15109.6
25 (QN/Block) 	Elapsed: 1300.7	Loglikelihood: -5.85269e+08	(delta): 15322.4
26 (QN/Block) 	Elapsed: 1302.91	Loglikelihood: -5.85257e+08	(delta): 12532
27 (QN/Block) 	Elapsed: 1313.41	Loglikelihood: -5.85246e+08	(delta): 10770.1
28 (QN/Block) 	Elapsed: 1301.13	Loglikelihood: -5.85238e+08	(delta): 7584.9
29 (QN/Block) 	Elapsed: 1318.93	Loglikelihood: -5.8523e+08	(delta): 7887.3
30 (QN/Block) 	Elapsed: 1304.24	Loglikelihood: -5.85219e+08	(delta): 11697.1
31 (QN/Block) 	Elapsed: 1302.68	Loglikelihood: -5.85211e+08	(delta): 7299.94
32 (QN/Block) 	Elapsed: 1298.51	Loglikelihood: -5.85205e+08	(delta): 6094.83
33 (QN/Block) 	Elapsed: 1311.71	Loglikelihood: -5.85199e+08	(delta): 6735.7
34 (QN/Block) 	Elapsed: 1301.28	Loglikelihood: -5.85194e+08	(delta): 4335.11
35 (QN/Block) 	Elapsed: 1302.93	Loglikelihood: -5.85191e+08	(delta): 3011.8
36 (QN/Block) 	Elapsed: 1299.49	Loglikelihood: -5.85188e+08	(delta): 3508.55
37 (QN/Block) 	Elapsed: 1315.51	Loglikelihood: -5.85183e+08	(delta): 4363.74
38 (QN/Block) 	Elapsed: 1300.11	Loglikelihood: -5.8518e+08	(delta): 3714.21
39 (QN/Block) 	Elapsed: 1326.19	Loglikelihood: -5.85177e+08	(delta): 2245.2
40 (QN/Block) 	Elapsed: 1339.4	Loglikelihood: -5.85175e+08	(delta): 2412.54
41 (QN/Block) 	Elapsed: 1314.9	Loglikelihood: -5.85173e+08	(delta): 1987.04
42 (QN/Block) 	Elapsed: 1305.42	Loglikelihood: -5.85168e+08	(delta): 5105.34
43 (QN/Block) 	Elapsed: 1314.28	Loglikelihood: -5.85165e+08	(delta): 2596.17
44 (QN/Block) 	Elapsed: 1299.35	Loglikelihood: -5.85163e+08	(delta): 2519.84
45 (QN/Block) 	Elapsed: 1296.1	Loglikelihood: -5.8516e+08	(delta): 2497.85
46 (QN/Block) 	Elapsed: 1296.83	Loglikelihood: -5.85158e+08	(delta): 1721.5
47 (QN/Block) 	Elapsed: 1310.51	Loglikelihood: -5.85157e+08	(delta): 1278.19
48 (QN/Block) 	Elapsed: 1301.93	Loglikelihood: -5.85156e+08	(delta): 1340.41
49 (QN/Block) 	Elapsed: 1301.87	Loglikelihood: -5.85155e+08	(delta): 1260.61
50 (QN/Block) 	Elapsed: 1299.97	Loglikelihood: -5.85154e+08	(delta): 911.346
51 (QN/Block) 	Elapsed: 1299.26	Loglikelihood: -5.85153e+08	(delta): 672.348
52 (QN/Block) 	Elapsed: 1310.4	Loglikelihood: -5.85152e+08	(delta): 937.055
53 (QN/Block) 	Elapsed: 1301.68	Loglikelihood: -5.85151e+08	(delta): 981.985
54 (QN/Block) 	Elapsed: 1299.43	Loglikelihood: -5.8515e+08	(delta): 1058.19
55 (QN/Block) 	Elapsed: 1304.26	Loglikelihood: -5.85149e+08	(delta): 1158.54
56 (QN/Block) 	Elapsed: 1318.71	Loglikelihood: -5.85148e+08	(delta): 1151.43
57 (QN/Block) 	Elapsed: 1303.73	Loglikelihood: -5.85147e+08	(delta): 1159.2
58 (QN/Block) 	Elapsed: 1301.18	Loglikelihood: -5.85145e+08	(delta): 1153.02
59 (QN/Block) 	Elapsed: 1309.7	Loglikelihood: -5.85144e+08	(delta): 939.352
60 (QN/Block) 	Elapsed: 1311.45	Loglikelihood: -5.85144e+08	(delta): 744.342
61 (QN/Block) 	Elapsed: 1305.99	Loglikelihood: -5.85143e+08	(delta): 577.718
62 (QN/Block) 	Elapsed: 1306.6	Loglikelihood: -5.85143e+08	(delta): 527.617
63 (QN/Block) 	Elapsed: 1306.25	Loglikelihood: -5.85142e+08	(delta): 558.6
64 (QN/Block) 	Elapsed: 1308.93	Loglikelihood: -5.85142e+08	(delta): 414.683
65 (QN/Block) 	Elapsed: 1316.01	Loglikelihood: -5.85141e+08	(delta): 319.531
66 (QN/Block) 	Elapsed: 1317.23	Loglikelihood: -5.85141e+08	(delta): 481.138
67 (QN/Block) 	Elapsed: 1304.75	Loglikelihood: -5.85141e+08	(delta): 368.999
68 (QN/Block) 	Elapsed: 1305.76	Loglikelihood: -5.8514e+08	(delta): 298.772
69 (QN/Block) 	Elapsed: 1307.64	Loglikelihood: -5.8514e+08	(delta): 209.935
70 (QN/Block) 	Elapsed: 1307.58	Loglikelihood: -5.8514e+08	(delta): 136.662
71 (QN/Block) 	Elapsed: 1302.87	Loglikelihood: -5.85139e+08	(delta): 391.16
72 (QN/Block) 	Elapsed: 1309.9	Loglikelihood: -5.85139e+08	(delta): 323.521
73 (QN/Block) 	Elapsed: 1312.31	Loglikelihood: -5.85139e+08	(delta): 181.7
74 (QN/Block) 	Elapsed: 1316.82	Loglikelihood: -5.85139e+08	(delta): 141.519
75 (QN/Block) 	Elapsed: 1321.97	Loglikelihood: -5.85138e+08	(delta): 358.16
76 (QN/Block) 	Elapsed: 1299.94	Loglikelihood: -5.85138e+08	(delta): 245.073
77 (QN/Block) 	Elapsed: 1306.26	Loglikelihood: -5.85138e+08	(delta): 206.11
78 (QN/Block) 	Elapsed: 1306.04	Loglikelihood: -5.85138e+08	(delta): 173.505
79 (QN/Block) 	Elapsed: 1306.34	Loglikelihood: -5.85138e+08	(delta): 149.424
80 (QN/Block) 	Elapsed: 1324.93	Loglikelihood: -5.85138e+08	(delta): 163.911
81 (QN/Block) 	Elapsed: 1314.72	Loglikelihood: -5.85137e+08	(delta): 141.951
82 (QN/Block) 	Elapsed: 1339.92	Loglikelihood: -5.85137e+08	(delta): 152.237
83 (QN/Block) 	Elapsed: 1335.97	Loglikelihood: -5.85137e+08	(delta): 113.867
84 (QN/Block) 	Elapsed: 1306.86	Loglikelihood: -5.85137e+08	(delta): 128.69
85 (QN/Block) 	Elapsed: 1330.28	Loglikelihood: -5.85137e+08	(delta): 90.0858
86 (QN/Block) 	Elapsed: 1316.64	Loglikelihood: -5.85137e+08	(delta): 71.7526
87 (QN/Block) 	Elapsed: 1301.51	Loglikelihood: -5.85137e+08	(delta): 82.3912
88 (QN/Block) 	Elapsed: 1309.22	Loglikelihood: -5.85137e+08	(delta): 87.6676
89 (QN/Block) 	Elapsed: 1307.96	Loglikelihood: -5.85137e+08	(delta): 68.0852
90 (QN/Block) 	Elapsed: 1297.35	Loglikelihood: -5.85137e+08	(delta): 72.4681
91 (QN/Block) 	Elapsed: 1298.54	Loglikelihood: -5.85136e+08	(delta): 83.1999
92 (QN/Block) 	Elapsed: 1298.44	Loglikelihood: -5.85136e+08	(delta): 100.782
93 (QN/Block) 	Elapsed: 1294.79	Loglikelihood: -5.85136e+08	(delta): 91.7509
94 (QN/Block) 	Elapsed: 1312.97	Loglikelihood: -5.85136e+08	(delta): 78.5409
95 (QN/Block) 	Elapsed: 1310.85	Loglikelihood: -5.85136e+08	(delta): 79.6616
96 (QN/Block) 	Elapsed: 1306.86	Loglikelihood: -5.85136e+08	(delta): 103.942
97 (QN/Block) 	Elapsed: 1309.47	Loglikelihood: -5.85136e+08	(delta): 133.848
98 (QN/Block) 	Elapsed: 1307.88	Loglikelihood: -5.85136e+08	(delta): 136.001
99 (QN/Block) 	Elapsed: 1304.01	Loglikelihood: -5.85136e+08	(delta): 95.0028
100 (QN/Block) 	Elapsed: 1301.61	Loglikelihood: -5.85135e+08	(delta): 331.171
101 (QN/Block) 	Elapsed: 1304.93	Loglikelihood: -5.85135e+08	(delta): 279.628
102 (QN/Block) 	Elapsed: 1352.09	Loglikelihood: -5.85135e+08	(delta): 150.986
┌ Info: ADMIXTURE command:
└ `/home/biona001/.julia/artifacts/316b9c66aef8f67001d54aa86a244d1e769c1e1a/dist/admixture_linux-1.3.0/admixture /home/biona001/1000genomes/chr18.uniqueSNPs.bed 26 -j10`
[ Info: Output directory: /home/biona001/1000genomes
ERROR: LoadError: failed process: Process(`/home/biona001/.julia/artifacts/316b9c66aef8f67001d54aa86a244d1e769c1e1a/dist/admixture_linux-1.3.0/admixture /home/biona001/1000genomes/chr18.uniqueSNPs.bed 26 -j10`, ProcessSignaled(15)) [0]

Stacktrace:
 [1] pipeline_error at ./process.jl:525 [inlined]
 [2] run(::Cmd; wait::Bool) at ./process.jl:440
 [3] run at ./process.jl:438 [inlined]
 [4] admixture(::String, ::Int64; B::Nothing, j::Int64, cv::Nothing, s::Nothing, C::Nothing, c::Nothing, qn::Nothing, l::Nothing, e::Nothing) at /home/biona001/.julia/packages/ADMIXTURE/LIsH7/src/ADMIXTURE.jl:61
 [5] top-level scope at /home/biona001/1000genomes/admixture.jl:5
 [6] include(::Function, ::Module, ::String) at ./Base.jl:380
 [7] include(::Module, ::String) at ./Base.jl:368
 [8] exec_options(::Base.JLOptions) at ./client.jl:296
 [9] _start() at ./client.jl:506
in expression starting at /home/biona001/1000genomes/admixture.jl:5
running chr18.uniqueSNPs.bed with 26 populations and 10 threads
1370029.66user 530.54system 38:52:12elapsed 979%CPU (0avgtext+0avgdata 6894144maxresident)k
214776inputs+888outputs (891major+117478350minor)pagefaults 0swaps
