Number of threads = 10
Importing reference haplotype data...
Total windows = 16, averaging ~ 708 unique haplotypes per window.

Timings: 
    Data import                     = 3.77689 seconds
        import target data             = 1.74771 seconds
        import compressed haplotypes   = 2.02918 seconds
    Computing haplotype pair        = 3.80918 seconds
        BLAS3 mul! to get M and N      = 0.00559922 seconds per thread
        haplopair search               = 0.0253134 seconds per thread
        initializing missing           = 0.000389107 seconds per thread
        allocating and viewing         = 0.00238491 seconds per thread
        index conversion               = 0.000172233 seconds per thread
    Phasing by win-win intersection = 1.20819 seconds
        Window-by-window intersection  = 0.00013298 seconds per thread
        Breakpoint search              = 0.251563 seconds per thread
        Recording result               = 0.028387 seconds per thread
    Imputation                     = 1.1747 seconds
        Imputing missing               = 0.142142 seconds
        Writing to file                = 1.03256 seconds

    Total time                      = 10.2724 seconds

Number of threads = 10
Importing reference haplotype data...
Importing genotype file... 19%|████▊                    |  ETA: 0:00:21[KImporting genotype file...100%|█████████████████████████| Time: 0:00:09[K
Total windows = 102, averaging ~ 663 unique haplotypes per window.

Timings: 
    Data import                     = 23.4365 seconds
        import target data             = 10.6184 seconds
        import compressed haplotypes   = 12.8181 seconds
    Computing haplotype pair        = 3.40944 seconds
        BLAS3 mul! to get M and N      = 0.0555647 seconds per thread
        haplopair search               = 2.00047 seconds per thread
        initializing missing           = 0.0666768 seconds per thread
        allocating and viewing         = 0.0128186 seconds per thread
        index conversion               = 0.0111684 seconds per thread
    Phasing by win-win intersection = 1.82011 seconds
        Window-by-window intersection  = 1.24398 seconds per thread
        Breakpoint search              = 0.0195016 seconds per thread
        Recording result               = 0.00033816 seconds per thread
    Imputation                     = 3.07368 seconds
        Imputing missing               = 0.00580054 seconds
        Writing to file                = 3.06788 seconds

    Total time                      = 31.7406 seconds

142.31user 6.81system 1:13.69elapsed 202%CPU (0avgtext+0avgdata 4365496maxresident)k
1527296inputs+2808outputs (0major+2354061minor)pagefaults 0swaps
